{"level":"info","ts":"2025-10-18T22:36:08.956+0330","caller":"services/semester.service.go:35","msg":"Fetched all semesters successfully","AppName":"MyApp","LoggerName":"ZapLogger","Category":"MySQL","SubCategory":"Select"}
{"level":"info","ts":"2025-10-18T22:36:08.956+0330","caller":"middlewares/logger.go:48","msg":"HTTP Request","AppName":"MyApp","LoggerName":"ZapLogger","BodySize":99,"Category":"RequestResponse","SubCategory":"API","Method":"GET","ClientIp":"127.0.0.1","Latency":0.001212007,"ErrorMessage":"","Path":"/api/v1/semesters","StatusCode":200,"RequestBody":""}
{"level":"info","ts":"2025-10-18T22:36:08.958+0330","caller":"services/course.service.go:64","msg":"Fetched courses by semester and department successfully","AppName":"MyApp","LoggerName":"ZapLogger","departmentID":4,"count":51,"Category":"MySQL","SubCategory":"Select","semesterID":1}
{"level":"info","ts":"2025-10-18T22:36:08.959+0330","caller":"services/instructor.service.go:30","msg":"Fetched instructor data successfully","AppName":"MyApp","LoggerName":"ZapLogger","Category":"MySQL","SubCategory":"Select"}
{"level":"info","ts":"2025-10-18T22:36:08.959+0330","caller":"middlewares/logger.go:48","msg":"HTTP Request","AppName":"MyApp","LoggerName":"ZapLogger","RequestBody":"","BodySize":5716,"ErrorMessage":"","Category":"RequestResponse","ClientIp":"127.0.0.1","SubCategory":"API","Path":"/api/v1/courses/semester/1/department/4","Method":"GET","StatusCode":200,"Latency":0.001793607}
{"level":"info","ts":"2025-10-18T22:36:08.976+0330","caller":"services/department.service.go:83","msg":"Fetched department data successfully","AppName":"MyApp","LoggerName":"ZapLogger","count":12,"Category":"MySQL","SubCategory":"Select"}
{"level":"info","ts":"2025-10-18T22:36:08.976+0330","caller":"middlewares/logger.go:48","msg":"HTTP Request","AppName":"MyApp","LoggerName":"ZapLogger","Path":"/api/v1/departments/data","StatusCode":200,"ClientIp":"127.0.0.1","RequestBody":"","BodySize":1029,"ErrorMessage":"","Method":"GET","Latency":0.018873756,"Category":"RequestResponse","SubCategory":"API"}
{"level":"info","ts":"2025-10-18T22:39:58.397+0330","caller":"Back/main.go:25","msg":"Configuration loaded successfully","AppName":"MyApp","LoggerName":"ZapLogger","PORT":"3003","Category":"General","SubCategory":"Startup","MODE":"development","HOST":"localhost"}
{"level":"info","ts":"2025-10-18T22:39:58.398+0330","caller":"database/database.go:36","msg":"Database connection established","AppName":"MyApp","LoggerName":"ZapLogger","SubCategory":"Connection","Category":"MySQL"}
{"level":"info","ts":"2025-10-18T22:39:58.471+0330","caller":"database/database.go:56","msg":"Auto-migration completed successfully","AppName":"MyApp","LoggerName":"ZapLogger","Category":"MySQL","SubCategory":"Migration"}
{"level":"info","ts":"2025-10-18T22:40:00.071+0330","caller":"Back/main.go:25","msg":"Configuration loaded successfully","AppName":"MyApp","LoggerName":"ZapLogger","HOST":"localhost","PORT":"3003","Category":"General","SubCategory":"Startup","MODE":"development"}
{"level":"info","ts":"2025-10-18T22:40:00.072+0330","caller":"database/database.go:36","msg":"Database connection established","AppName":"MyApp","LoggerName":"ZapLogger","SubCategory":"Connection","Category":"MySQL"}
{"level":"info","ts":"2025-10-18T22:40:00.131+0330","caller":"database/database.go:56","msg":"Auto-migration completed successfully","AppName":"MyApp","LoggerName":"ZapLogger","Category":"MySQL","SubCategory":"Migration"}
{"level":"info","ts":"2025-10-18T22:50:06.658+0330","caller":"services/semester.service.go:35","msg":"Fetched all semesters successfully","AppName":"MyApp","LoggerName":"ZapLogger","Category":"MySQL","SubCategory":"Select"}
{"level":"info","ts":"2025-10-18T22:50:06.658+0330","caller":"middlewares/logger.go:48","msg":"HTTP Request","AppName":"MyApp","LoggerName":"ZapLogger","Path":"/api/v1/semesters","Method":"GET","StatusCode":200,"ClientIp":"127.0.0.1","Latency":0.001932353,"BodySize":99,"ErrorMessage":"","RequestBody":"","Category":"RequestResponse","SubCategory":"API"}
{"level":"info","ts":"2025-10-18T22:50:06.660+0330","caller":"services/course.service.go:64","msg":"Fetched courses by semester and department successfully","AppName":"MyApp","LoggerName":"ZapLogger","semesterID":1,"departmentID":4,"count":51,"Category":"MySQL","SubCategory":"Select"}
{"level":"info","ts":"2025-10-18T22:50:06.662+0330","caller":"services/instructor.service.go:30","msg":"Fetched instructor data successfully","AppName":"MyApp","LoggerName":"ZapLogger","Category":"MySQL","SubCategory":"Select"}
{"level":"info","ts":"2025-10-18T22:50:06.662+0330","caller":"middlewares/logger.go:48","msg":"HTTP Request","AppName":"MyApp","LoggerName":"ZapLogger","Latency":0.003104345,"BodySize":5716,"Method":"GET","StatusCode":200,"RequestBody":"","ErrorMessage":"","Category":"RequestResponse","SubCategory":"API","Path":"/api/v1/courses/semester/1/department/4","ClientIp":"127.0.0.1"}
{"level":"info","ts":"2025-10-18T22:50:06.676+0330","caller":"services/department.service.go:83","msg":"Fetched department data successfully","AppName":"MyApp","LoggerName":"ZapLogger","SubCategory":"Select","count":12,"Category":"MySQL"}
{"level":"info","ts":"2025-10-18T22:50:06.676+0330","caller":"middlewares/logger.go:48","msg":"HTTP Request","AppName":"MyApp","LoggerName":"ZapLogger","ErrorMessage":"","SubCategory":"API","Path":"/api/v1/departments/data","Method":"GET","StatusCode":200,"ClientIp":"127.0.0.1","Latency":0.016414607,"RequestBody":"","BodySize":1029,"Category":"RequestResponse"}
{"level":"info","ts":"2025-10-19T01:04:03.170+0330","caller":"Back/main.go:25","msg":"Configuration loaded successfully","AppName":"MyApp","LoggerName":"ZapLogger","HOST":"localhost","PORT":"3003","Category":"General","SubCategory":"Startup","MODE":"development"}
{"level":"info","ts":"2025-10-19T01:04:03.171+0330","caller":"database/database.go:36","msg":"Database connection established","AppName":"MyApp","LoggerName":"ZapLogger","Category":"MySQL","SubCategory":"Connection"}
{"level":"info","ts":"2025-10-19T01:04:03.238+0330","caller":"database/database.go:56","msg":"Auto-migration completed successfully","AppName":"MyApp","LoggerName":"ZapLogger","Category":"MySQL","SubCategory":"Migration"}
{"level":"info","ts":"2025-10-19T01:04:15.234+0330","caller":"middlewares/logger.go:48","msg":"HTTP Request","AppName":"MyApp","LoggerName":"ZapLogger","StatusCode":200,"Latency":0.000262463,"BodySize":3658,"Category":"RequestResponse","SubCategory":"API","Path":"index.html","Method":"GET","ClientIp":"127.0.0.1","RequestBody":"","ErrorMessage":""}
{"level":"info","ts":"2025-10-19T01:04:15.241+0330","caller":"middlewares/logger.go:48","msg":"HTTP Request","AppName":"MyApp","LoggerName":"ZapLogger","Method":"GET","StatusCode":200,"ClientIp":"127.0.0.1","BodySize":152072,"ErrorMessage":"","Category":"RequestResponse","SubCategory":"API","Path":"swagger-ui.css","Latency":0.000020989,"RequestBody":""}
{"level":"info","ts":"2025-10-19T01:04:15.245+0330","caller":"middlewares/logger.go:48","msg":"HTTP Request","AppName":"MyApp","LoggerName":"ZapLogger","Method":"GET","Latency":0.000023151,"RequestBody":"","ErrorMessage":"","Category":"RequestResponse","SubCategory":"API","Path":"swagger-ui-bundle.js","StatusCode":200,"ClientIp":"127.0.0.1","BodySize":1426050}
{"level":"info","ts":"2025-10-19T01:04:15.249+0330","caller":"middlewares/logger.go:48","msg":"HTTP Request","AppName":"MyApp","LoggerName":"ZapLogger","StatusCode":200,"ClientIp":"127.0.0.1","Latency":0.000025364,"RequestBody":"","BodySize":230007,"SubCategory":"API","Path":"swagger-ui-standalone-preset.js","Method":"GET","ErrorMessage":"","Category":"RequestResponse"}
{"level":"info","ts":"2025-10-19T01:04:16.480+0330","caller":"middlewares/logger.go:48","msg":"HTTP Request","AppName":"MyApp","LoggerName":"ZapLogger","ClientIp":"127.0.0.1","Latency":0.000185098,"RequestBody":"","ErrorMessage":"","Category":"RequestResponse","Path":"doc.json","StatusCode":200,"BodySize":51120,"SubCategory":"API","Method":"GET"}
{"level":"info","ts":"2025-10-19T01:09:57.376+0330","caller":"Back/main.go:25","msg":"Configuration loaded successfully","AppName":"MyApp","LoggerName":"ZapLogger","MODE":"development","HOST":"localhost","PORT":"3003","Category":"General","SubCategory":"Startup"}
{"level":"info","ts":"2025-10-19T01:09:57.377+0330","caller":"database/database.go:36","msg":"Database connection established","AppName":"MyApp","LoggerName":"ZapLogger","Category":"MySQL","SubCategory":"Connection"}
{"level":"info","ts":"2025-10-19T01:09:57.439+0330","caller":"database/database.go:56","msg":"Auto-migration completed successfully","AppName":"MyApp","LoggerName":"ZapLogger","Category":"MySQL","SubCategory":"Migration"}
{"level":"info","ts":"2025-10-19T01:10:01.209+0330","caller":"Back/main.go:25","msg":"Configuration loaded successfully","AppName":"MyApp","LoggerName":"ZapLogger","MODE":"development","HOST":"localhost","PORT":"3003","Category":"General","SubCategory":"Startup"}
{"level":"info","ts":"2025-10-19T01:10:01.210+0330","caller":"database/database.go:36","msg":"Database connection established","AppName":"MyApp","LoggerName":"ZapLogger","Category":"MySQL","SubCategory":"Connection"}
{"level":"info","ts":"2025-10-19T01:10:01.283+0330","caller":"database/database.go:56","msg":"Auto-migration completed successfully","AppName":"MyApp","LoggerName":"ZapLogger","SubCategory":"Migration","Category":"MySQL"}
{"level":"info","ts":"2025-10-19T01:10:19.377+0330","caller":"Back/main.go:25","msg":"Configuration loaded successfully","AppName":"MyApp","LoggerName":"ZapLogger","MODE":"development","HOST":"localhost","PORT":"3003","Category":"General","SubCategory":"Startup"}
{"level":"info","ts":"2025-10-19T01:10:19.379+0330","caller":"database/database.go:36","msg":"Database connection established","AppName":"MyApp","LoggerName":"ZapLogger","Category":"MySQL","SubCategory":"Connection"}
{"level":"info","ts":"2025-10-19T01:10:19.454+0330","caller":"database/database.go:56","msg":"Auto-migration completed successfully","AppName":"MyApp","LoggerName":"ZapLogger","Category":"MySQL","SubCategory":"Migration"}
{"level":"info","ts":"2025-10-19T01:10:23.755+0330","caller":"Back/main.go:25","msg":"Configuration loaded successfully","AppName":"MyApp","LoggerName":"ZapLogger","Category":"General","SubCategory":"Startup","MODE":"development","HOST":"localhost","PORT":"3003"}
{"level":"info","ts":"2025-10-19T01:10:23.756+0330","caller":"database/database.go:36","msg":"Database connection established","AppName":"MyApp","LoggerName":"ZapLogger","Category":"MySQL","SubCategory":"Connection"}
{"level":"info","ts":"2025-10-19T01:10:23.805+0330","caller":"database/database.go:56","msg":"Auto-migration completed successfully","AppName":"MyApp","LoggerName":"ZapLogger","Category":"MySQL","SubCategory":"Migration"}
{"level":"info","ts":"2025-10-19T01:10:30.249+0330","caller":"Back/main.go:25","msg":"Configuration loaded successfully","AppName":"MyApp","LoggerName":"ZapLogger","HOST":"localhost","PORT":"3003","Category":"General","SubCategory":"Startup","MODE":"development"}
{"level":"info","ts":"2025-10-19T01:10:30.251+0330","caller":"database/database.go:36","msg":"Database connection established","AppName":"MyApp","LoggerName":"ZapLogger","Category":"MySQL","SubCategory":"Connection"}
{"level":"info","ts":"2025-10-19T01:10:30.319+0330","caller":"database/database.go:56","msg":"Auto-migration completed successfully","AppName":"MyApp","LoggerName":"ZapLogger","Category":"MySQL","SubCategory":"Migration"}
{"level":"info","ts":"2025-10-19T01:10:36.054+0330","caller":"Back/main.go:25","msg":"Configuration loaded successfully","AppName":"MyApp","LoggerName":"ZapLogger","PORT":"3003","Category":"General","SubCategory":"Startup","MODE":"development","HOST":"localhost"}
{"level":"info","ts":"2025-10-19T01:10:36.055+0330","caller":"database/database.go:36","msg":"Database connection established","AppName":"MyApp","LoggerName":"ZapLogger","Category":"MySQL","SubCategory":"Connection"}
{"level":"info","ts":"2025-10-19T01:10:36.106+0330","caller":"database/database.go:56","msg":"Auto-migration completed successfully","AppName":"MyApp","LoggerName":"ZapLogger","Category":"MySQL","SubCategory":"Migration"}
{"level":"info","ts":"2025-10-19T01:10:54.844+0330","caller":"Back/main.go:25","msg":"Configuration loaded successfully","AppName":"MyApp","LoggerName":"ZapLogger","Category":"General","SubCategory":"Startup","MODE":"development","HOST":"localhost","PORT":"3003"}
{"level":"info","ts":"2025-10-19T01:10:54.846+0330","caller":"database/database.go:36","msg":"Database connection established","AppName":"MyApp","LoggerName":"ZapLogger","Category":"MySQL","SubCategory":"Connection"}
{"level":"info","ts":"2025-10-19T01:10:54.906+0330","caller":"database/database.go:56","msg":"Auto-migration completed successfully","AppName":"MyApp","LoggerName":"ZapLogger","Category":"MySQL","SubCategory":"Migration"}
{"level":"info","ts":"2025-10-19T01:10:56.038+0330","caller":"Back/main.go:25","msg":"Configuration loaded successfully","AppName":"MyApp","LoggerName":"ZapLogger","Category":"General","SubCategory":"Startup","MODE":"development","HOST":"localhost","PORT":"3003"}
{"level":"info","ts":"2025-10-19T01:10:56.040+0330","caller":"database/database.go:36","msg":"Database connection established","AppName":"MyApp","LoggerName":"ZapLogger","SubCategory":"Connection","Category":"MySQL"}
{"level":"info","ts":"2025-10-19T01:10:56.099+0330","caller":"database/database.go:56","msg":"Auto-migration completed successfully","AppName":"MyApp","LoggerName":"ZapLogger","SubCategory":"Migration","Category":"MySQL"}
{"level":"info","ts":"2025-10-19T01:11:00.464+0330","caller":"Back/main.go:25","msg":"Configuration loaded successfully","AppName":"MyApp","LoggerName":"ZapLogger","Category":"General","SubCategory":"Startup","MODE":"development","HOST":"localhost","PORT":"3003"}
{"level":"info","ts":"2025-10-19T01:11:00.465+0330","caller":"database/database.go:36","msg":"Database connection established","AppName":"MyApp","LoggerName":"ZapLogger","Category":"MySQL","SubCategory":"Connection"}
{"level":"info","ts":"2025-10-19T01:11:00.525+0330","caller":"database/database.go:56","msg":"Auto-migration completed successfully","AppName":"MyApp","LoggerName":"ZapLogger","Category":"MySQL","SubCategory":"Migration"}
{"level":"info","ts":"2025-10-19T01:11:04.131+0330","caller":"Back/main.go:25","msg":"Configuration loaded successfully","AppName":"MyApp","LoggerName":"ZapLogger","SubCategory":"Startup","MODE":"development","HOST":"localhost","PORT":"3003","Category":"General"}
{"level":"info","ts":"2025-10-19T01:11:04.133+0330","caller":"database/database.go:36","msg":"Database connection established","AppName":"MyApp","LoggerName":"ZapLogger","Category":"MySQL","SubCategory":"Connection"}
{"level":"info","ts":"2025-10-19T01:11:04.191+0330","caller":"database/database.go:56","msg":"Auto-migration completed successfully","AppName":"MyApp","LoggerName":"ZapLogger","Category":"MySQL","SubCategory":"Migration"}
{"level":"info","ts":"2025-10-19T01:11:10.782+0330","caller":"Back/main.go:25","msg":"Configuration loaded successfully","AppName":"MyApp","LoggerName":"ZapLogger","HOST":"localhost","PORT":"3003","Category":"General","SubCategory":"Startup","MODE":"development"}
{"level":"info","ts":"2025-10-19T01:11:10.784+0330","caller":"database/database.go:36","msg":"Database connection established","AppName":"MyApp","LoggerName":"ZapLogger","Category":"MySQL","SubCategory":"Connection"}
{"level":"info","ts":"2025-10-19T01:11:10.858+0330","caller":"database/database.go:56","msg":"Auto-migration completed successfully","AppName":"MyApp","LoggerName":"ZapLogger","Category":"MySQL","SubCategory":"Migration"}
{"level":"info","ts":"2025-10-19T01:11:30.509+0330","caller":"Back/main.go:25","msg":"Configuration loaded successfully","AppName":"MyApp","LoggerName":"ZapLogger","MODE":"development","HOST":"localhost","PORT":"3003","Category":"General","SubCategory":"Startup"}
{"level":"info","ts":"2025-10-19T01:11:30.511+0330","caller":"database/database.go:36","msg":"Database connection established","AppName":"MyApp","LoggerName":"ZapLogger","Category":"MySQL","SubCategory":"Connection"}
{"level":"info","ts":"2025-10-19T01:11:30.629+0330","caller":"database/database.go:56","msg":"Auto-migration completed successfully","AppName":"MyApp","LoggerName":"ZapLogger","Category":"MySQL","SubCategory":"Migration"}
{"level":"info","ts":"2025-10-19T01:11:31.576+0330","caller":"Back/main.go:25","msg":"Configuration loaded successfully","AppName":"MyApp","LoggerName":"ZapLogger","PORT":"3003","Category":"General","SubCategory":"Startup","MODE":"development","HOST":"localhost"}
{"level":"info","ts":"2025-10-19T01:11:31.578+0330","caller":"database/database.go:36","msg":"Database connection established","AppName":"MyApp","LoggerName":"ZapLogger","Category":"MySQL","SubCategory":"Connection"}
{"level":"info","ts":"2025-10-19T01:11:31.654+0330","caller":"database/database.go:56","msg":"Auto-migration completed successfully","AppName":"MyApp","LoggerName":"ZapLogger","Category":"MySQL","SubCategory":"Migration"}
{"level":"info","ts":"2025-10-19T01:11:55.269+0330","caller":"Back/main.go:25","msg":"Configuration loaded successfully","AppName":"MyApp","LoggerName":"ZapLogger","MODE":"development","HOST":"localhost","PORT":"3003","Category":"General","SubCategory":"Startup"}
{"level":"info","ts":"2025-10-19T01:11:55.271+0330","caller":"database/database.go:36","msg":"Database connection established","AppName":"MyApp","LoggerName":"ZapLogger","Category":"MySQL","SubCategory":"Connection"}
{"level":"info","ts":"2025-10-19T01:11:55.344+0330","caller":"database/database.go:56","msg":"Auto-migration completed successfully","AppName":"MyApp","LoggerName":"ZapLogger","Category":"MySQL","SubCategory":"Migration"}
{"level":"info","ts":"2025-10-19T01:11:58.687+0330","caller":"Back/main.go:25","msg":"Configuration loaded successfully","AppName":"MyApp","LoggerName":"ZapLogger","MODE":"development","HOST":"localhost","PORT":"3003","Category":"General","SubCategory":"Startup"}
{"level":"info","ts":"2025-10-19T01:11:58.689+0330","caller":"database/database.go:36","msg":"Database connection established","AppName":"MyApp","LoggerName":"ZapLogger","Category":"MySQL","SubCategory":"Connection"}
{"level":"info","ts":"2025-10-19T01:11:58.756+0330","caller":"database/database.go:56","msg":"Auto-migration completed successfully","AppName":"MyApp","LoggerName":"ZapLogger","Category":"MySQL","SubCategory":"Migration"}
{"level":"info","ts":"2025-10-19T01:12:06.102+0330","caller":"Back/main.go:25","msg":"Configuration loaded successfully","AppName":"MyApp","LoggerName":"ZapLogger","MODE":"development","HOST":"localhost","PORT":"3003","Category":"General","SubCategory":"Startup"}
{"level":"info","ts":"2025-10-19T01:12:06.103+0330","caller":"database/database.go:36","msg":"Database connection established","AppName":"MyApp","LoggerName":"ZapLogger","Category":"MySQL","SubCategory":"Connection"}
{"level":"info","ts":"2025-10-19T01:12:06.173+0330","caller":"database/database.go:56","msg":"Auto-migration completed successfully","AppName":"MyApp","LoggerName":"ZapLogger","Category":"MySQL","SubCategory":"Migration"}
{"level":"info","ts":"2025-10-19T01:12:09.625+0330","caller":"Back/main.go:25","msg":"Configuration loaded successfully","AppName":"MyApp","LoggerName":"ZapLogger","PORT":"3003","Category":"General","SubCategory":"Startup","MODE":"development","HOST":"localhost"}
{"level":"info","ts":"2025-10-19T01:12:09.627+0330","caller":"database/database.go:36","msg":"Database connection established","AppName":"MyApp","LoggerName":"ZapLogger","Category":"MySQL","SubCategory":"Connection"}
{"level":"info","ts":"2025-10-19T01:12:09.700+0330","caller":"database/database.go:56","msg":"Auto-migration completed successfully","AppName":"MyApp","LoggerName":"ZapLogger","SubCategory":"Migration","Category":"MySQL"}
{"level":"info","ts":"2025-10-19T01:12:11.751+0330","caller":"Back/main.go:25","msg":"Configuration loaded successfully","AppName":"MyApp","LoggerName":"ZapLogger","MODE":"development","HOST":"localhost","PORT":"3003","Category":"General","SubCategory":"Startup"}
{"level":"info","ts":"2025-10-19T01:12:11.753+0330","caller":"database/database.go:36","msg":"Database connection established","AppName":"MyApp","LoggerName":"ZapLogger","Category":"MySQL","SubCategory":"Connection"}
{"level":"info","ts":"2025-10-19T01:12:11.827+0330","caller":"database/database.go:56","msg":"Auto-migration completed successfully","AppName":"MyApp","LoggerName":"ZapLogger","Category":"MySQL","SubCategory":"Migration"}
{"level":"info","ts":"2025-10-19T01:12:13.852+0330","caller":"Back/main.go:25","msg":"Configuration loaded successfully","AppName":"MyApp","LoggerName":"ZapLogger","PORT":"3003","Category":"General","SubCategory":"Startup","MODE":"development","HOST":"localhost"}
{"level":"info","ts":"2025-10-19T01:12:13.854+0330","caller":"database/database.go:36","msg":"Database connection established","AppName":"MyApp","LoggerName":"ZapLogger","Category":"MySQL","SubCategory":"Connection"}
{"level":"info","ts":"2025-10-19T01:12:13.914+0330","caller":"database/database.go:56","msg":"Auto-migration completed successfully","AppName":"MyApp","LoggerName":"ZapLogger","Category":"MySQL","SubCategory":"Migration"}
{"level":"info","ts":"2025-10-19T01:12:15.704+0330","caller":"Back/main.go:25","msg":"Configuration loaded successfully","AppName":"MyApp","LoggerName":"ZapLogger","MODE":"development","HOST":"localhost","PORT":"3003","Category":"General","SubCategory":"Startup"}
{"level":"info","ts":"2025-10-19T01:12:15.705+0330","caller":"database/database.go:36","msg":"Database connection established","AppName":"MyApp","LoggerName":"ZapLogger","Category":"MySQL","SubCategory":"Connection"}
{"level":"info","ts":"2025-10-19T01:12:15.761+0330","caller":"database/database.go:56","msg":"Auto-migration completed successfully","AppName":"MyApp","LoggerName":"ZapLogger","Category":"MySQL","SubCategory":"Migration"}
{"level":"info","ts":"2025-10-19T01:12:18.519+0330","caller":"Back/main.go:25","msg":"Configuration loaded successfully","AppName":"MyApp","LoggerName":"ZapLogger","HOST":"localhost","PORT":"3003","Category":"General","SubCategory":"Startup","MODE":"development"}
{"level":"info","ts":"2025-10-19T01:12:18.521+0330","caller":"database/database.go:36","msg":"Database connection established","AppName":"MyApp","LoggerName":"ZapLogger","Category":"MySQL","SubCategory":"Connection"}
{"level":"info","ts":"2025-10-19T01:12:18.576+0330","caller":"database/database.go:56","msg":"Auto-migration completed successfully","AppName":"MyApp","LoggerName":"ZapLogger","Category":"MySQL","SubCategory":"Migration"}
{"level":"info","ts":"2025-10-19T01:12:27.332+0330","caller":"Back/main.go:25","msg":"Configuration loaded successfully","AppName":"MyApp","LoggerName":"ZapLogger","PORT":"3003","Category":"General","SubCategory":"Startup","MODE":"development","HOST":"localhost"}
{"level":"info","ts":"2025-10-19T01:12:27.333+0330","caller":"database/database.go:36","msg":"Database connection established","AppName":"MyApp","LoggerName":"ZapLogger","SubCategory":"Connection","Category":"MySQL"}
{"level":"info","ts":"2025-10-19T01:12:27.396+0330","caller":"database/database.go:56","msg":"Auto-migration completed successfully","AppName":"MyApp","LoggerName":"ZapLogger","Category":"MySQL","SubCategory":"Migration"}
{"level":"info","ts":"2025-10-19T01:12:29.682+0330","caller":"Back/main.go:25","msg":"Configuration loaded successfully","AppName":"MyApp","LoggerName":"ZapLogger","MODE":"development","HOST":"localhost","PORT":"3003","Category":"General","SubCategory":"Startup"}
{"level":"info","ts":"2025-10-19T01:12:29.683+0330","caller":"database/database.go:36","msg":"Database connection established","AppName":"MyApp","LoggerName":"ZapLogger","Category":"MySQL","SubCategory":"Connection"}
{"level":"info","ts":"2025-10-19T01:12:29.798+0330","caller":"database/database.go:56","msg":"Auto-migration completed successfully","AppName":"MyApp","LoggerName":"ZapLogger","Category":"MySQL","SubCategory":"Migration"}
{"level":"info","ts":"2025-10-19T01:12:31.462+0330","caller":"Back/main.go:25","msg":"Configuration loaded successfully","AppName":"MyApp","LoggerName":"ZapLogger","HOST":"localhost","PORT":"3003","Category":"General","SubCategory":"Startup","MODE":"development"}
{"level":"info","ts":"2025-10-19T01:12:31.463+0330","caller":"database/database.go:36","msg":"Database connection established","AppName":"MyApp","LoggerName":"ZapLogger","Category":"MySQL","SubCategory":"Connection"}
{"level":"info","ts":"2025-10-19T01:12:31.539+0330","caller":"database/database.go:56","msg":"Auto-migration completed successfully","AppName":"MyApp","LoggerName":"ZapLogger","Category":"MySQL","SubCategory":"Migration"}
{"level":"info","ts":"2025-10-19T01:12:36.945+0330","caller":"Back/main.go:25","msg":"Configuration loaded successfully","AppName":"MyApp","LoggerName":"ZapLogger","SubCategory":"Startup","MODE":"development","HOST":"localhost","PORT":"3003","Category":"General"}
{"level":"info","ts":"2025-10-19T01:12:36.948+0330","caller":"database/database.go:36","msg":"Database connection established","AppName":"MyApp","LoggerName":"ZapLogger","Category":"MySQL","SubCategory":"Connection"}
{"level":"info","ts":"2025-10-19T01:12:37.018+0330","caller":"database/database.go:56","msg":"Auto-migration completed successfully","AppName":"MyApp","LoggerName":"ZapLogger","Category":"MySQL","SubCategory":"Migration"}
{"level":"info","ts":"2025-10-19T01:12:39.289+0330","caller":"Back/main.go:25","msg":"Configuration loaded successfully","AppName":"MyApp","LoggerName":"ZapLogger","HOST":"localhost","PORT":"3003","Category":"General","SubCategory":"Startup","MODE":"development"}
{"level":"info","ts":"2025-10-19T01:12:39.290+0330","caller":"database/database.go:36","msg":"Database connection established","AppName":"MyApp","LoggerName":"ZapLogger","Category":"MySQL","SubCategory":"Connection"}
{"level":"info","ts":"2025-10-19T01:12:39.348+0330","caller":"database/database.go:56","msg":"Auto-migration completed successfully","AppName":"MyApp","LoggerName":"ZapLogger","Category":"MySQL","SubCategory":"Migration"}
{"level":"info","ts":"2025-10-19T01:12:46.249+0330","caller":"Back/main.go:25","msg":"Configuration loaded successfully","AppName":"MyApp","LoggerName":"ZapLogger","MODE":"development","HOST":"localhost","PORT":"3003","Category":"General","SubCategory":"Startup"}
{"level":"info","ts":"2025-10-19T01:12:46.251+0330","caller":"database/database.go:36","msg":"Database connection established","AppName":"MyApp","LoggerName":"ZapLogger","SubCategory":"Connection","Category":"MySQL"}
{"level":"info","ts":"2025-10-19T01:12:46.317+0330","caller":"database/database.go:56","msg":"Auto-migration completed successfully","AppName":"MyApp","LoggerName":"ZapLogger","Category":"MySQL","SubCategory":"Migration"}
{"level":"info","ts":"2025-10-19T01:14:09.267+0330","caller":"Back/main.go:25","msg":"Configuration loaded successfully","AppName":"MyApp","LoggerName":"ZapLogger","SubCategory":"Startup","MODE":"development","HOST":"localhost","PORT":"3003","Category":"General"}
{"level":"info","ts":"2025-10-19T01:14:09.268+0330","caller":"database/database.go:36","msg":"Database connection established","AppName":"MyApp","LoggerName":"ZapLogger","Category":"MySQL","SubCategory":"Connection"}
{"level":"info","ts":"2025-10-19T01:14:09.335+0330","caller":"database/database.go:56","msg":"Auto-migration completed successfully","AppName":"MyApp","LoggerName":"ZapLogger","SubCategory":"Migration","Category":"MySQL"}
{"level":"info","ts":"2025-10-19T01:14:11.811+0330","caller":"Back/main.go:25","msg":"Configuration loaded successfully","AppName":"MyApp","LoggerName":"ZapLogger","Category":"General","SubCategory":"Startup","MODE":"development","HOST":"localhost","PORT":"3003"}
{"level":"info","ts":"2025-10-19T01:14:11.812+0330","caller":"database/database.go:36","msg":"Database connection established","AppName":"MyApp","LoggerName":"ZapLogger","Category":"MySQL","SubCategory":"Connection"}
{"level":"info","ts":"2025-10-19T01:14:11.875+0330","caller":"database/database.go:56","msg":"Auto-migration completed successfully","AppName":"MyApp","LoggerName":"ZapLogger","Category":"MySQL","SubCategory":"Migration"}
{"level":"info","ts":"2025-10-19T01:14:18.641+0330","caller":"Back/main.go:25","msg":"Configuration loaded successfully","AppName":"MyApp","LoggerName":"ZapLogger","MODE":"development","HOST":"localhost","PORT":"3003","Category":"General","SubCategory":"Startup"}
{"level":"info","ts":"2025-10-19T01:14:18.642+0330","caller":"database/database.go:36","msg":"Database connection established","AppName":"MyApp","LoggerName":"ZapLogger","Category":"MySQL","SubCategory":"Connection"}
{"level":"info","ts":"2025-10-19T01:14:18.711+0330","caller":"database/database.go:56","msg":"Auto-migration completed successfully","AppName":"MyApp","LoggerName":"ZapLogger","Category":"MySQL","SubCategory":"Migration"}
{"level":"info","ts":"2025-10-19T01:14:21.025+0330","caller":"Back/main.go:25","msg":"Configuration loaded successfully","AppName":"MyApp","LoggerName":"ZapLogger","HOST":"localhost","PORT":"3003","Category":"General","SubCategory":"Startup","MODE":"development"}
{"level":"info","ts":"2025-10-19T01:14:21.026+0330","caller":"database/database.go:36","msg":"Database connection established","AppName":"MyApp","LoggerName":"ZapLogger","Category":"MySQL","SubCategory":"Connection"}
{"level":"info","ts":"2025-10-19T01:14:21.098+0330","caller":"database/database.go:56","msg":"Auto-migration completed successfully","AppName":"MyApp","LoggerName":"ZapLogger","SubCategory":"Migration","Category":"MySQL"}
{"level":"info","ts":"2025-10-19T01:14:23.101+0330","caller":"Back/main.go:25","msg":"Configuration loaded successfully","AppName":"MyApp","LoggerName":"ZapLogger","MODE":"development","HOST":"localhost","PORT":"3003","Category":"General","SubCategory":"Startup"}
{"level":"info","ts":"2025-10-19T01:14:23.102+0330","caller":"database/database.go:36","msg":"Database connection established","AppName":"MyApp","LoggerName":"ZapLogger","Category":"MySQL","SubCategory":"Connection"}
{"level":"info","ts":"2025-10-19T01:14:23.156+0330","caller":"database/database.go:56","msg":"Auto-migration completed successfully","AppName":"MyApp","LoggerName":"ZapLogger","Category":"MySQL","SubCategory":"Migration"}
{"level":"info","ts":"2025-10-19T01:14:52.820+0330","caller":"Back/main.go:25","msg":"Configuration loaded successfully","AppName":"MyApp","LoggerName":"ZapLogger","MODE":"development","HOST":"localhost","PORT":"3003","Category":"General","SubCategory":"Startup"}
{"level":"info","ts":"2025-10-19T01:14:52.821+0330","caller":"database/database.go:36","msg":"Database connection established","AppName":"MyApp","LoggerName":"ZapLogger","Category":"MySQL","SubCategory":"Connection"}
{"level":"info","ts":"2025-10-19T01:14:52.881+0330","caller":"database/database.go:56","msg":"Auto-migration completed successfully","AppName":"MyApp","LoggerName":"ZapLogger","Category":"MySQL","SubCategory":"Migration"}
{"level":"info","ts":"2025-10-19T01:15:23.632+0330","caller":"Back/main.go:25","msg":"Configuration loaded successfully","AppName":"MyApp","LoggerName":"ZapLogger","MODE":"development","HOST":"localhost","PORT":"3003","Category":"General","SubCategory":"Startup"}
{"level":"info","ts":"2025-10-19T01:15:23.633+0330","caller":"database/database.go:36","msg":"Database connection established","AppName":"MyApp","LoggerName":"ZapLogger","Category":"MySQL","SubCategory":"Connection"}
{"level":"info","ts":"2025-10-19T01:15:23.702+0330","caller":"database/database.go:56","msg":"Auto-migration completed successfully","AppName":"MyApp","LoggerName":"ZapLogger","Category":"MySQL","SubCategory":"Migration"}
{"level":"info","ts":"2025-10-19T01:15:33.481+0330","caller":"Back/main.go:25","msg":"Configuration loaded successfully","AppName":"MyApp","LoggerName":"ZapLogger","Category":"General","SubCategory":"Startup","MODE":"development","HOST":"localhost","PORT":"3003"}
{"level":"info","ts":"2025-10-19T01:15:33.482+0330","caller":"database/database.go:36","msg":"Database connection established","AppName":"MyApp","LoggerName":"ZapLogger","Category":"MySQL","SubCategory":"Connection"}
{"level":"info","ts":"2025-10-19T01:15:33.546+0330","caller":"database/database.go:56","msg":"Auto-migration completed successfully","AppName":"MyApp","LoggerName":"ZapLogger","Category":"MySQL","SubCategory":"Migration"}
{"level":"info","ts":"2025-10-19T01:15:39.848+0330","caller":"Back/main.go:25","msg":"Configuration loaded successfully","AppName":"MyApp","LoggerName":"ZapLogger","SubCategory":"Startup","MODE":"development","HOST":"localhost","PORT":"3003","Category":"General"}
{"level":"info","ts":"2025-10-19T01:15:39.849+0330","caller":"database/database.go:36","msg":"Database connection established","AppName":"MyApp","LoggerName":"ZapLogger","Category":"MySQL","SubCategory":"Connection"}
{"level":"info","ts":"2025-10-19T01:15:39.912+0330","caller":"database/database.go:56","msg":"Auto-migration completed successfully","AppName":"MyApp","LoggerName":"ZapLogger","Category":"MySQL","SubCategory":"Migration"}
{"level":"info","ts":"2025-10-19T01:16:11.913+0330","caller":"Back/main.go:25","msg":"Configuration loaded successfully","AppName":"MyApp","LoggerName":"ZapLogger","Category":"General","SubCategory":"Startup","MODE":"development","HOST":"localhost","PORT":"3003"}
{"level":"info","ts":"2025-10-19T01:16:11.914+0330","caller":"database/database.go:36","msg":"Database connection established","AppName":"MyApp","LoggerName":"ZapLogger","Category":"MySQL","SubCategory":"Connection"}
{"level":"info","ts":"2025-10-19T01:16:11.973+0330","caller":"database/database.go:56","msg":"Auto-migration completed successfully","AppName":"MyApp","LoggerName":"ZapLogger","Category":"MySQL","SubCategory":"Migration"}
{"level":"info","ts":"2025-10-19T01:16:16.933+0330","caller":"middlewares/logger.go:48","msg":"HTTP Request","AppName":"MyApp","LoggerName":"ZapLogger","RequestBody":"","BodySize":3658,"Category":"RequestResponse","SubCategory":"API","Path":"index.html","Method":"GET","StatusCode":200,"ClientIp":"127.0.0.1","ErrorMessage":"","Latency":0.000372029}
{"level":"info","ts":"2025-10-19T01:16:16.948+0330","caller":"middlewares/logger.go:48","msg":"HTTP Request","AppName":"MyApp","LoggerName":"ZapLogger","SubCategory":"API","Path":"swagger-ui.css","Method":"GET","StatusCode":200,"ClientIp":"127.0.0.1","ErrorMessage":"","Latency":0.000029373,"RequestBody":"","BodySize":152072,"Category":"RequestResponse"}
{"level":"info","ts":"2025-10-19T01:16:16.948+0330","caller":"middlewares/logger.go:48","msg":"HTTP Request","AppName":"MyApp","LoggerName":"ZapLogger","Latency":0.000026665,"RequestBody":"","BodySize":230007,"SubCategory":"API","Method":"GET","ErrorMessage":"","Category":"RequestResponse","Path":"swagger-ui-standalone-preset.js","StatusCode":200,"ClientIp":"127.0.0.1"}
{"level":"info","ts":"2025-10-19T01:16:16.950+0330","caller":"middlewares/logger.go:48","msg":"HTTP Request","AppName":"MyApp","LoggerName":"ZapLogger","Category":"RequestResponse","ClientIp":"127.0.0.1","Latency":0.000040117,"RequestBody":"","SubCategory":"API","Path":"swagger-ui-bundle.js","Method":"GET","StatusCode":200,"BodySize":1426050,"ErrorMessage":""}
{"level":"info","ts":"2025-10-19T01:16:17.207+0330","caller":"middlewares/logger.go:48","msg":"HTTP Request","AppName":"MyApp","LoggerName":"ZapLogger","ClientIp":"127.0.0.1","Latency":0.000149537,"RequestBody":"","BodySize":51120,"Path":"doc.json","ErrorMessage":"","Category":"RequestResponse","SubCategory":"API","Method":"GET","StatusCode":200}
{"level":"info","ts":"2025-10-19T01:16:17.214+0330","caller":"middlewares/logger.go:48","msg":"HTTP Request","AppName":"MyApp","LoggerName":"ZapLogger","Method":"GET","ClientIp":"127.0.0.1","RequestBody":"","BodySize":628,"Path":"favicon-32x32.png","StatusCode":200,"Latency":0.000017041,"ErrorMessage":"","Category":"RequestResponse","SubCategory":"API"}
{"level":"info","ts":"2025-10-19T01:16:51.952+0330","caller":"Back/main.go:25","msg":"Configuration loaded successfully","AppName":"MyApp","LoggerName":"ZapLogger","MODE":"development","HOST":"localhost","PORT":"3003","Category":"General","SubCategory":"Startup"}
{"level":"info","ts":"2025-10-19T01:16:51.953+0330","caller":"database/database.go:36","msg":"Database connection established","AppName":"MyApp","LoggerName":"ZapLogger","Category":"MySQL","SubCategory":"Connection"}
{"level":"info","ts":"2025-10-19T01:16:52.019+0330","caller":"database/database.go:56","msg":"Auto-migration completed successfully","AppName":"MyApp","LoggerName":"ZapLogger","Category":"MySQL","SubCategory":"Migration"}
{"level":"info","ts":"2025-10-19T01:17:02.639+0330","caller":"middlewares/logger.go:48","msg":"HTTP Request","AppName":"MyApp","LoggerName":"ZapLogger","StatusCode":200,"Latency":0.000297023,"RequestBody":"","BodySize":3658,"Category":"RequestResponse","SubCategory":"API","Path":"index.html","Method":"GET","ClientIp":"127.0.0.1","ErrorMessage":""}
{"level":"info","ts":"2025-10-19T01:17:02.650+0330","caller":"middlewares/logger.go:48","msg":"HTTP Request","AppName":"MyApp","LoggerName":"ZapLogger","Path":"swagger-ui.css","ClientIp":"127.0.0.1","ErrorMessage":"","Category":"RequestResponse","SubCategory":"API","Method":"GET","StatusCode":200,"Latency":0.00002632,"RequestBody":"","BodySize":152072}
{"level":"info","ts":"2025-10-19T01:17:02.651+0330","caller":"middlewares/logger.go:48","msg":"HTTP Request","AppName":"MyApp","LoggerName":"ZapLogger","Path":"swagger-ui-standalone-preset.js","Method":"GET","ClientIp":"127.0.0.1","RequestBody":"","BodySize":230007,"ErrorMessage":"","Category":"RequestResponse","StatusCode":200,"Latency":0.000040735,"SubCategory":"API"}
{"level":"info","ts":"2025-10-19T01:17:02.653+0330","caller":"middlewares/logger.go:48","msg":"HTTP Request","AppName":"MyApp","LoggerName":"ZapLogger","Path":"swagger-ui-bundle.js","Method":"GET","Latency":0.000033311,"RequestBody":"","BodySize":1426050,"ErrorMessage":"","StatusCode":200,"ClientIp":"127.0.0.1","Category":"RequestResponse","SubCategory":"API"}
{"level":"info","ts":"2025-10-19T01:17:02.760+0330","caller":"middlewares/logger.go:48","msg":"HTTP Request","AppName":"MyApp","LoggerName":"ZapLogger","Path":"doc.json","ClientIp":"127.0.0.1","Latency":0.000192819,"BodySize":51120,"ErrorMessage":"","Category":"RequestResponse","SubCategory":"API","Method":"GET","StatusCode":200,"RequestBody":""}
{"level":"info","ts":"2025-10-19T01:17:02.763+0330","caller":"middlewares/logger.go:48","msg":"HTTP Request","AppName":"MyApp","LoggerName":"ZapLogger","Method":"GET","StatusCode":200,"ClientIp":"127.0.0.1","RequestBody":"","BodySize":628,"SubCategory":"API","Path":"favicon-32x32.png","Latency":0.00002235,"ErrorMessage":"","Category":"RequestResponse"}
{"level":"info","ts":"2025-10-19T01:17:25.191+0330","caller":"Back/main.go:25","msg":"Configuration loaded successfully","AppName":"MyApp","LoggerName":"ZapLogger","MODE":"development","HOST":"localhost","PORT":"3003","Category":"General","SubCategory":"Startup"}
{"level":"info","ts":"2025-10-19T01:17:25.192+0330","caller":"database/database.go:36","msg":"Database connection established","AppName":"MyApp","LoggerName":"ZapLogger","Category":"MySQL","SubCategory":"Connection"}
{"level":"info","ts":"2025-10-19T01:17:25.263+0330","caller":"database/database.go:56","msg":"Auto-migration completed successfully","AppName":"MyApp","LoggerName":"ZapLogger","SubCategory":"Migration","Category":"MySQL"}
{"level":"info","ts":"2025-10-19T01:18:58.278+0330","caller":"Back/main.go:25","msg":"Configuration loaded successfully","AppName":"MyApp","LoggerName":"ZapLogger","MODE":"development","HOST":"localhost","PORT":"3003","Category":"General","SubCategory":"Startup"}
{"level":"info","ts":"2025-10-19T01:18:58.280+0330","caller":"database/database.go:36","msg":"Database connection established","AppName":"MyApp","LoggerName":"ZapLogger","Category":"MySQL","SubCategory":"Connection"}
{"level":"info","ts":"2025-10-19T01:18:58.346+0330","caller":"database/database.go:56","msg":"Auto-migration completed successfully","AppName":"MyApp","LoggerName":"ZapLogger","SubCategory":"Migration","Category":"MySQL"}
{"level":"info","ts":"2025-10-19T01:19:00.317+0330","caller":"middlewares/logger.go:48","msg":"HTTP Request","AppName":"MyApp","LoggerName":"ZapLogger","Path":"index.html","Method":"GET","StatusCode":200,"ClientIp":"127.0.0.1","RequestBody":"","BodySize":3658,"Latency":0.000286669,"ErrorMessage":"","Category":"RequestResponse","SubCategory":"API"}
{"level":"info","ts":"2025-10-19T01:19:00.338+0330","caller":"middlewares/logger.go:48","msg":"HTTP Request","AppName":"MyApp","LoggerName":"ZapLogger","Path":"swagger-ui.css","StatusCode":200,"ClientIp":"127.0.0.1","Latency":0.00002318,"RequestBody":"","ErrorMessage":"","SubCategory":"API","Method":"GET","BodySize":152072,"Category":"RequestResponse"}
{"level":"info","ts":"2025-10-19T01:19:00.338+0330","caller":"middlewares/logger.go:48","msg":"HTTP Request","AppName":"MyApp","LoggerName":"ZapLogger","SubCategory":"API","Path":"swagger-ui-standalone-preset.js","Method":"GET","RequestBody":"","StatusCode":200,"ClientIp":"127.0.0.1","Latency":0.000054137,"BodySize":230007,"ErrorMessage":"","Category":"RequestResponse"}
{"level":"info","ts":"2025-10-19T01:19:00.342+0330","caller":"middlewares/logger.go:48","msg":"HTTP Request","AppName":"MyApp","LoggerName":"ZapLogger","Latency":0.00002898,"BodySize":1426050,"ErrorMessage":"","Category":"RequestResponse","SubCategory":"API","Path":"swagger-ui-bundle.js","StatusCode":200,"ClientIp":"127.0.0.1","RequestBody":"","Method":"GET"}
{"level":"info","ts":"2025-10-19T01:19:00.454+0330","caller":"middlewares/logger.go:48","msg":"HTTP Request","AppName":"MyApp","LoggerName":"ZapLogger","StatusCode":200,"ClientIp":"127.0.0.1","Latency":0.000196476,"BodySize":51120,"ErrorMessage":"","RequestBody":"","Category":"RequestResponse","SubCategory":"API","Path":"doc.json","Method":"GET"}
{"level":"info","ts":"2025-10-19T01:19:00.458+0330","caller":"middlewares/logger.go:48","msg":"HTTP Request","AppName":"MyApp","LoggerName":"ZapLogger","Path":"favicon-32x32.png","StatusCode":200,"Category":"RequestResponse","SubCategory":"API","Method":"GET","ClientIp":"127.0.0.1","Latency":0.000022775,"RequestBody":"","BodySize":628,"ErrorMessage":""}
{"level":"info","ts":"2025-10-19T01:20:54.433+0330","caller":"Back/main.go:25","msg":"Configuration loaded successfully","AppName":"MyApp","LoggerName":"ZapLogger","PORT":"3003","Category":"General","SubCategory":"Startup","MODE":"development","HOST":"localhost"}
{"level":"info","ts":"2025-10-19T01:20:54.434+0330","caller":"database/database.go:36","msg":"Database connection established","AppName":"MyApp","LoggerName":"ZapLogger","Category":"MySQL","SubCategory":"Connection"}
{"level":"info","ts":"2025-10-19T01:20:54.498+0330","caller":"database/database.go:56","msg":"Auto-migration completed successfully","AppName":"MyApp","LoggerName":"ZapLogger","Category":"MySQL","SubCategory":"Migration"}
{"level":"info","ts":"2025-10-19T01:21:00.616+0330","caller":"middlewares/logger.go:48","msg":"HTTP Request","AppName":"MyApp","LoggerName":"ZapLogger","StatusCode":200,"Latency":0.000342821,"RequestBody":"","BodySize":3658,"ErrorMessage":"","Category":"RequestResponse","SubCategory":"API","Path":"index.html","Method":"GET","ClientIp":"127.0.0.1"}
{"level":"info","ts":"2025-10-19T01:21:00.632+0330","caller":"middlewares/logger.go:48","msg":"HTTP Request","AppName":"MyApp","LoggerName":"ZapLogger","Method":"GET","ClientIp":"127.0.0.1","Latency":0.00000968,"BodySize":152072,"ErrorMessage":"","Path":"swagger-ui.css","StatusCode":200,"RequestBody":"","Category":"RequestResponse","SubCategory":"API"}
{"level":"info","ts":"2025-10-19T01:21:00.632+0330","caller":"middlewares/logger.go:48","msg":"HTTP Request","AppName":"MyApp","LoggerName":"ZapLogger","Latency":0.000033541,"RequestBody":"","BodySize":230007,"SubCategory":"API","Method":"GET","ClientIp":"127.0.0.1","ErrorMessage":"","Category":"RequestResponse","Path":"swagger-ui-standalone-preset.js","StatusCode":200}
{"level":"info","ts":"2025-10-19T01:21:00.635+0330","caller":"middlewares/logger.go:48","msg":"HTTP Request","AppName":"MyApp","LoggerName":"ZapLogger","StatusCode":200,"ClientIp":"127.0.0.1","Latency":0.000030046,"BodySize":1426050,"ErrorMessage":"","Category":"RequestResponse","Method":"GET","RequestBody":"","SubCategory":"API","Path":"swagger-ui-bundle.js"}
{"level":"info","ts":"2025-10-19T01:21:00.762+0330","caller":"middlewares/logger.go:48","msg":"HTTP Request","AppName":"MyApp","LoggerName":"ZapLogger","Path":"doc.json","Method":"GET","ErrorMessage":"","Category":"RequestResponse","StatusCode":200,"ClientIp":"127.0.0.1","Latency":0.000191045,"RequestBody":"","BodySize":50959,"SubCategory":"API"}
{"level":"info","ts":"2025-10-19T01:21:00.766+0330","caller":"middlewares/logger.go:48","msg":"HTTP Request","AppName":"MyApp","LoggerName":"ZapLogger","Path":"favicon-32x32.png","Method":"GET","Latency":0.000023325,"RequestBody":"","ErrorMessage":"","Category":"RequestResponse","SubCategory":"API","StatusCode":200,"ClientIp":"127.0.0.1","BodySize":628}
{"level":"info","ts":"2025-10-19T01:22:20.850+0330","caller":"Back/main.go:25","msg":"Configuration loaded successfully","AppName":"MyApp","LoggerName":"ZapLogger","PORT":"3003","Category":"General","SubCategory":"Startup","MODE":"development","HOST":"localhost"}
{"level":"info","ts":"2025-10-19T01:22:20.851+0330","caller":"database/database.go:36","msg":"Database connection established","AppName":"MyApp","LoggerName":"ZapLogger","Category":"MySQL","SubCategory":"Connection"}
{"level":"info","ts":"2025-10-19T01:22:20.987+0330","caller":"database/database.go:56","msg":"Auto-migration completed successfully","AppName":"MyApp","LoggerName":"ZapLogger","Category":"MySQL","SubCategory":"Migration"}
{"level":"info","ts":"2025-10-19T01:22:30.071+0330","caller":"middlewares/logger.go:48","msg":"HTTP Request","AppName":"MyApp","LoggerName":"ZapLogger","ClientIp":"127.0.0.1","Latency":0.00052251,"ErrorMessage":"","SubCategory":"API","Path":"/api/v1/food/weekly","Method":"POST","RequestBody":"","BodySize":173,"Category":"RequestResponse","StatusCode":500}
{"level":"info","ts":"2025-10-19T01:23:00.166+0330","caller":"Back/main.go:25","msg":"Configuration loaded successfully","AppName":"MyApp","LoggerName":"ZapLogger","MODE":"development","HOST":"localhost","PORT":"3003","Category":"General","SubCategory":"Startup"}
{"level":"info","ts":"2025-10-19T01:23:00.167+0330","caller":"database/database.go:36","msg":"Database connection established","AppName":"MyApp","LoggerName":"ZapLogger","Category":"MySQL","SubCategory":"Connection"}
{"level":"info","ts":"2025-10-19T01:23:00.232+0330","caller":"database/database.go:56","msg":"Auto-migration completed successfully","AppName":"MyApp","LoggerName":"ZapLogger","Category":"MySQL","SubCategory":"Migration"}
{"level":"info","ts":"2025-10-19T01:23:21.407+0330","caller":"middlewares/logger.go:48","msg":"HTTP Request","AppName":"MyApp","LoggerName":"ZapLogger","SubCategory":"API","Path":"/api/v1/food/weekly","ClientIp":"127.0.0.1","Latency":13.413045145,"RequestBody":"","BodySize":85,"Category":"RequestResponse","Method":"POST","StatusCode":200,"ErrorMessage":""}
{"level":"info","ts":"2025-10-19T01:24:46.044+0330","caller":"middlewares/logger.go:48","msg":"HTTP Request","AppName":"MyApp","LoggerName":"ZapLogger","StatusCode":200,"ClientIp":"127.0.0.1","RequestBody":"","BodySize":11159,"ErrorMessage":"","Category":"RequestResponse","Method":"GET","Latency":0.004104614,"SubCategory":"API","Path":"/api/v1/food/weekly"}
{"level":"info","ts":"2025-10-19T01:27:28.260+0330","caller":"middlewares/logger.go:48","msg":"HTTP Request","AppName":"MyApp","LoggerName":"ZapLogger","Latency":0.006382677,"RequestBody":"","ErrorMessage":"","Path":"/api/v1/food/weekly","Method":"GET","ClientIp":"127.0.0.1","BodySize":11159,"Category":"RequestResponse","SubCategory":"API","StatusCode":200}
{"level":"info","ts":"2025-10-19T01:28:30.255+0330","caller":"middlewares/logger.go:48","msg":"HTTP Request","AppName":"MyApp","LoggerName":"ZapLogger","ClientIp":"127.0.0.1","RequestBody":"","Path":"/api/v1/food/weekly","StatusCode":200,"Latency":11.390305604,"BodySize":85,"ErrorMessage":"","Category":"RequestResponse","SubCategory":"API","Method":"POST"}
{"level":"info","ts":"2025-10-19T01:28:44.547+0330","caller":"middlewares/logger.go:48","msg":"HTTP Request","AppName":"MyApp","LoggerName":"ZapLogger","Path":"/api/v1/food/weekly","Method":"GET","StatusCode":200,"ClientIp":"127.0.0.1","Latency":0.004388216,"BodySize":11159,"SubCategory":"API","RequestBody":"","ErrorMessage":"","Category":"RequestResponse"}
{"level":"info","ts":"2025-10-19T01:29:59.213+0330","caller":"middlewares/logger.go:48","msg":"HTTP Request","AppName":"MyApp","LoggerName":"ZapLogger","ErrorMessage":"","SubCategory":"API","Path":"/api/v1/food/weekly","StatusCode":500,"Latency":0.047124755,"BodySize":165,"Category":"RequestResponse","Method":"POST","ClientIp":"127.0.0.1","RequestBody":""}
{"level":"info","ts":"2025-10-19T01:32:44.855+0330","caller":"middlewares/logger.go:48","msg":"HTTP Request","AppName":"MyApp","LoggerName":"ZapLogger","ClientIp":"127.0.0.1","ErrorMessage":"","Category":"RequestResponse","SubCategory":"API","Path":"/api/v1/food/weekly","Method":"POST","Latency":12.601432996,"RequestBody":"","BodySize":85,"StatusCode":200}
